11:02:22 **** Build of configuration msdk for project MSDK ****
make -j16 all 
Building file: C:/Users/stapi/OneDrive/Desktop/GD32VW553/V1_MQTT_OK/GD32VW55X_Wifi_BLE_SDK/GD32VW55x_RELEASE_V1.0.2/MSDK/wifi_manager/wifi_eloop.c
Building file: C:/Users/stapi/OneDrive/Desktop/GD32VW553/V1_MQTT_OK/GD32VW55X_Wifi_BLE_SDK/GD32VW55x_RELEASE_V1.0.2/MSDK/wifi_manager/wifi_init.c
Building file: C:/Users/stapi/OneDrive/Desktop/GD32VW553/V1_MQTT_OK/GD32VW55X_Wifi_BLE_SDK/GD32VW55x_RELEASE_V1.0.2/MSDK/wifi_manager/wifi_management.c
Invoking: GD RISC-V MCU C Compiler
Invoking: GD RISC-V MCU C Compiler
riscv-nuclei-elf-gcc -march=rv32imac -mabi=ilp32 -mcmodel=medlow -msmall-data-limit=8 -O0 -fmessage-length=0 -fsigned-char -ffunction-sections -fdata-sections  -g -std=gnu11 -MMD -MP -MF"wifi_manager/wifi_eloop.d" -MT"wifi_manager/wifi_eloop.o" -Wa,-adhlns=wifi_manager/wifi_eloop.o.lst   -c -o "wifi_manager/wifi_eloop.o" "C:/Users/stapi/OneDrive/Desktop/GD32VW553/V1_MQTT_OK/GD32VW55X_Wifi_BLE_SDK/GD32VW55x_RELEASE_V1.0.2/MSDK/wifi_manager/wifi_eloop.c"
Building file: C:/Users/stapi/OneDrive/Desktop/GD32VW553/V1_MQTT_OK/GD32VW55X_Wifi_BLE_SDK/GD32VW55x_RELEASE_V1.0.2/MSDK/wifi_manager/wifi_net_ip.c
riscv-nuclei-elf-gcc -march=rv32imac -mabi=ilp32 -mcmodel=medlow -msmall-data-limit=8 -O0 -fmessage-length=0 -fsigned-char -ffunction-sections -fdata-sections  -g -std=gnu11 -MMD -MP -MF"wifi_manager/wifi_init.d" -MT"wifi_manager/wifi_init.o" -Wa,-adhlns=wifi_manager/wifi_init.o.lst   -c -o "wifi_manager/wifi_init.o" "C:/Users/stapi/OneDrive/Desktop/GD32VW553/V1_MQTT_OK/GD32VW55X_Wifi_BLE_SDK/GD32VW55x_RELEASE_V1.0.2/MSDK/wifi_manager/wifi_init.c"
Invoking: GD RISC-V MCU C Compiler
riscv-nuclei-elf-gcc -march=rv32imac -mabi=ilp32 -mcmodel=medlow -msmall-data-limit=8 -O0 -fmessage-length=0 -fsigned-char -ffunction-sections -fdata-sections  -g -std=gnu11 -MMD -MP -MF"wifi_manager/wifi_management.d" -MT"wifi_manager/wifi_management.o" -Wa,-adhlns=wifi_manager/wifi_management.o.lst   -c -o "wifi_manager/wifi_management.o" "C:/Users/stapi/OneDrive/Desktop/GD32VW553/V1_MQTT_OK/GD32VW55X_Wifi_BLE_SDK/GD32VW55x_RELEASE_V1.0.2/MSDK/wifi_manager/wifi_management.c"
Invoking: GD RISC-V MCU C Compiler
riscv-nuclei-elf-gcc -march=rv32imac -mabi=ilp32 -mcmodel=medlow -msmall-data-limit=8 -O0 -fmessage-length=0 -fsigned-char -ffunction-sections -fdata-sections  -g -std=gnu11 -MMD -MP -MF"wifi_manager/wifi_net_ip.d" -MT"wifi_manager/wifi_net_ip.o" -Wa,-adhlns=wifi_manager/wifi_net_ip.o.lst   -c -o "wifi_manager/wifi_net_ip.o" "C:/Users/stapi/OneDrive/Desktop/GD32VW553/V1_MQTT_OK/GD32VW55X_Wifi_BLE_SDK/GD32VW55x_RELEASE_V1.0.2/MSDK/wifi_manager/wifi_net_ip.c"
Building file: C:/Users/stapi/OneDrive/Desktop/GD32VW553/V1_MQTT_OK/GD32VW55X_Wifi_BLE_SDK/GD32VW55x_RELEASE_V1.0.2/MSDK/wifi_manager/wifi_netlink.c
Building file: C:/Users/stapi/OneDrive/Desktop/GD32VW553/V1_MQTT_OK/GD32VW55X_Wifi_BLE_SDK/GD32VW55x_RELEASE_V1.0.2/MSDK/wifi_manager/wifi_vif.c
Invoking: GD RISC-V MCU C Compiler
riscv-nuclei-elf-gcc -march=rv32imac -mabi=ilp32 -mcmodel=medlow -msmall-data-limit=8 -O0 -fmessage-length=0 -fsigned-char -ffunction-sections -fdata-sections  -g -std=gnu11 -MMD -MP -MF"wifi_manager/wifi_netlink.d" -MT"wifi_manager/wifi_netlink.o" -Wa,-adhlns=wifi_manager/wifi_netlink.o.lst   -c -o "wifi_manager/wifi_netlink.o" "C:/Users/stapi/OneDrive/Desktop/GD32VW553/V1_MQTT_OK/GD32VW55X_Wifi_BLE_SDK/GD32VW55x_RELEASE_V1.0.2/MSDK/wifi_manager/wifi_netlink.c"
Building file: C:/Users/stapi/OneDrive/Desktop/GD32VW553/V1_MQTT_OK/GD32VW55X_Wifi_BLE_SDK/GD32VW55x_RELEASE_V1.0.2/MSDK/wifi_manager/wifi_wpa.c
Invoking: GD RISC-V MCU C Compiler
riscv-nuclei-elf-gcc -march=rv32imac -mabi=ilp32 -mcmodel=medlow -msmall-data-limit=8 -O0 -fmessage-length=0 -fsigned-char -ffunction-sections -fdata-sections  -g -std=gnu11 -MMD -MP -MF"wifi_manager/wifi_vif.d" -MT"wifi_manager/wifi_vif.o" -Wa,-adhlns=wifi_manager/wifi_vif.o.lst   -c -o "wifi_manager/wifi_vif.o" "C:/Users/stapi/OneDrive/Desktop/GD32VW553/V1_MQTT_OK/GD32VW55X_Wifi_BLE_SDK/GD32VW55x_RELEASE_V1.0.2/MSDK/wifi_manager/wifi_vif.c"
Building file: C:/Users/stapi/OneDrive/Desktop/GD32VW553/V1_MQTT_OK/GD32VW55X_Wifi_BLE_SDK/GD32VW55x_RELEASE_V1.0.2/MSDK/util/src/aes_ecb.c
Invoking: GD RISC-V MCU C Compiler
C:/Users/stapi/OneDrive/Desktop/GD32VW553/V1_MQTT_OK/GD32VW55X_Wifi_BLE_SDK/GD32VW55x_RELEASE_V1.0.2/MSDK/wifi_manager/wifi_eloop.c:50:10: fatal error: wrapper_os.h: No such file or directory
riscv-nuclei-elf-gcc -march=rv32imac -mabi=ilp32 -mcmodel=medlow -msmall-data-limit=8 -O0 -fmessage-length=0 -fsigned-char -ffunction-sections -fdata-sections  -g -std=gnu11 -MMD -MP -MF"wifi_manager/wifi_wpa.d" -MT"wifi_manager/wifi_wpa.o" -Wa,-adhlns=wifi_manager/wifi_wpa.o.lst   -c -o "wifi_manager/wifi_wpa.o" "C:/Users/stapi/OneDrive/Desktop/GD32VW553/V1_MQTT_OK/GD32VW55X_Wifi_BLE_SDK/GD32VW55x_RELEASE_V1.0.2/MSDK/wifi_manager/wifi_wpa.c"
   50 | #include "wrapper_os.h"
Building file: C:/Users/stapi/OneDrive/Desktop/GD32VW553/V1_MQTT_OK/GD32VW55X_Wifi_BLE_SDK/GD32VW55x_RELEASE_V1.0.2/MSDK/util/src/cJSON.c
      |          ^~~~~~~~~~~~~~
compilation terminated.
C:/Users/stapi/OneDrive/Desktop/GD32VW553/V1_MQTT_OK/GD32VW55X_Wifi_BLE_SDK/GD32VW55x_RELEASE_V1.0.2/MSDK/wifi_manager/wifi_init.c:35:10: fatal error: wrapper_os.h: No such file or directory
   35 | #include "wrapper_os.h"
      |          ^~~~~~~~~~~~~~
compilation terminated.
Invoking: GD RISC-V MCU C Compiler
make: *** [wifi_manager/subdir.mk:38: wifi_manager/wifi_eloop.o] Error 1
make: *** Waiting for unfinished jobs....
riscv-nuclei-elf-gcc -march=rv32imac -mabi=ilp32 -mcmodel=medlow -msmall-data-limit=8 -O0 -fmessage-length=0 -fsigned-char -ffunction-sections -fdata-sections  -g -std=gnu11 -MMD -MP -MF"util/aes_ecb.d" -MT"util/aes_ecb.o" -Wa,-adhlns=util/aes_ecb.o.lst   -c -o "util/aes_ecb.o" "C:/Users/stapi/OneDrive/Desktop/GD32VW553/V1_MQTT_OK/GD32VW55X_Wifi_BLE_SDK/GD32VW55x_RELEASE_V1.0.2/MSDK/util/src/aes_ecb.c"
In file included from C:/Users/stapi/OneDrive/Desktop/GD32VW553/V1_MQTT_OK/GD32VW55X_Wifi_BLE_SDK/GD32VW55x_RELEASE_V1.0.2/MSDK/wifi_manager/wifi_management.c:36:
C:/Users/stapi/OneDrive/Desktop/GD32VW553/V1_MQTT_OK/GD32VW55X_Wifi_BLE_SDK/GD32VW55x_RELEASE_V1.0.2/MSDK/wifi_manager/wifi_vif.h:38:10: fatal error: app_cfg.h: No such file or directory
Building file: C:/Users/stapi/OneDrive/Desktop/GD32VW553/V1_MQTT_OK/GD32VW55X_Wifi_BLE_SDK/GD32VW55x_RELEASE_V1.0.2/MSDK/util/src/crc.c
   38 | #include "app_cfg.h"
      |          ^~~~~~~~~~~
compilation terminated.
make: *** [wifi_manager/subdir.mk:45: wifi_manager/wifi_init.o] Error 1
Invoking: GD RISC-V MCU C Compiler
C:/Users/stapi/OneDrive/Desktop/GD32VW553/V1_MQTT_OK/GD32VW55X_Wifi_BLE_SDK/GD32VW55x_RELEASE_V1.0.2/MSDK/wifi_manager/wifi_net_ip.c:35:10: fatal error: wrapper_os.h: No such file or directory
riscv-nuclei-elf-gcc -march=rv32imac -mabi=ilp32 -mcmodel=medlow -msmall-data-limit=8 -O0 -fmessage-length=0 -fsigned-char -ffunction-sections -fdata-sections  -g -std=gnu11 -MMD -MP -MF"util/cJSON.d" -MT"util/cJSON.o" -Wa,-adhlns=util/cJSON.o.lst   -c -o "util/cJSON.o" "C:/Users/stapi/OneDrive/Desktop/GD32VW553/V1_MQTT_OK/GD32VW55X_Wifi_BLE_SDK/GD32VW55x_RELEASE_V1.0.2/MSDK/util/src/cJSON.c"
   35 | #include "wrapper_os.h"
      |          ^~~~~~~~~~~~~~
make: *** [wifi_manager/subdir.mk:52: wifi_manager/wifi_management.o] Error 1
compilation terminated.
Invoking: GD RISC-V MCU C Compiler
riscv-nuclei-elf-gcc -march=rv32imac -mabi=ilp32 -mcmodel=medlow -msmall-data-limit=8 -O0 -fmessage-length=0 -fsigned-char -ffunction-sections -fdata-sections  -g -std=gnu11 -MMD -MP -MF"util/crc.d" -MT"util/crc.o" -Wa,-adhlns=util/crc.o.lst   -c -o "util/crc.o" "C:/Users/stapi/OneDrive/Desktop/GD32VW553/V1_MQTT_OK/GD32VW55X_Wifi_BLE_SDK/GD32VW55x_RELEASE_V1.0.2/MSDK/util/src/crc.c"
make: *** [wifi_manager/subdir.mk:59: wifi_manager/wifi_net_ip.o] Error 1
In file included from C:/Users/stapi/OneDrive/Desktop/GD32VW553/V1_MQTT_OK/GD32VW55X_Wifi_BLE_SDK/GD32VW55x_RELEASE_V1.0.2/MSDK/wifi_manager/wifi_netlink.c:35:
C:/Users/stapi/OneDrive/Desktop/GD32VW553/V1_MQTT_OK/GD32VW55X_Wifi_BLE_SDK/GD32VW55x_RELEASE_V1.0.2/MSDK/wifi_manager/wifi_vif.h:38:10: fatal error: app_cfg.h: No such file or directory
   38 | #include "app_cfg.h"
      |          ^~~~~~~~~~~
compilation terminated.
make: *** [wifi_manager/subdir.mk:66: wifi_manager/wifi_netlink.o] Error 1
In file included from C:/Users/stapi/OneDrive/Desktop/GD32VW553/V1_MQTT_OK/GD32VW55X_Wifi_BLE_SDK/GD32VW55x_RELEASE_V1.0.2/MSDK/wifi_manager/wifi_vif.c:35:
C:/Users/stapi/OneDrive/Desktop/GD32VW553/V1_MQTT_OK/GD32VW55X_Wifi_BLE_SDK/GD32VW55x_RELEASE_V1.0.2/MSDK/wifi_manager/wifi_vif.h:38:10: fatal error: app_cfg.h: No such file or directory
   38 | #include "app_cfg.h"
      |          ^~~~~~~~~~~
compilation terminated.
make: *** [wifi_manager/subdir.mk:73: wifi_manager/wifi_vif.o] Error 1
C:/Users/stapi/OneDrive/Desktop/GD32VW553/V1_MQTT_OK/GD32VW55X_Wifi_BLE_SDK/GD32VW55x_RELEASE_V1.0.2/MSDK/wifi_manager/wifi_wpa.c:35:10: fatal error: wifi_export.h: No such file or directory
   35 | #include "wifi_export.h"
      |          ^~~~~~~~~~~~~~~
compilation terminated.
make: *** [wifi_manager/subdir.mk:80: wifi_manager/wifi_wpa.o] Error 1
C:/Users/stapi/OneDrive/Desktop/GD32VW553/V1_MQTT_OK/GD32VW55X_Wifi_BLE_SDK/GD32VW55x_RELEASE_V1.0.2/MSDK/util/src/cJSON.c:27:10: fatal error: app_cfg.h: No such file or directory
   27 | #include "app_cfg.h"
      |          ^~~~~~~~~~~
compilation terminated.
C:/Users/stapi/OneDrive/Desktop/GD32VW553/V1_MQTT_OK/GD32VW55X_Wifi_BLE_SDK/GD32VW55x_RELEASE_V1.0.2/MSDK/util/src/aes_ecb.c:38:10: fatal error: aes_ecb.h: No such file or directory
   38 | #include "aes_ecb.h"
      |          ^~~~~~~~~~~
compilation terminated.
C:/Users/stapi/OneDrive/Desktop/GD32VW553/V1_MQTT_OK/GD32VW55X_Wifi_BLE_SDK/GD32VW55x_RELEASE_V1.0.2/MSDK/util/src/crc.c:39:10: fatal error: crc.h: No such file or directory
   39 | #include "crc.h"
      |          ^~~~~~~
compilation terminated.
make: *** [util/subdir.mk:54: util/cJSON.o] Error 1
make: *** [util/subdir.mk:47: util/aes_ecb.o] Error 1
make: *** [util/subdir.mk:61: util/crc.o] Error 1
"make -j16 all" terminated with exit code 2. Build might be incomplete.

11:02:24 Build Failed. 21 errors, 0 warnings. (took 1s.352ms)

